INFO: [VRFC 10-2263] Analyzing Verilog file "C:/Users/Student/Downloads/CA project/SingleCycleRiscV/Project_Submission/task_B/project_2/project_2.srcs/sources_1/imports/rtl/AddressDecoder.v" into library xil_defaultlib
INFO: [VRFC 10-311] analyzing module AddressDecoder
INFO: [VRFC 10-2263] Analyzing Verilog file "C:/Users/Student/Downloads/CA project/SingleCycleRiscV/Project_Submission/task_B/project_2/project_2.srcs/sources_1/imports/rtl/DataMemory.v" into library xil_defaultlib
INFO: [VRFC 10-311] analyzing module DataMemory
INFO: [VRFC 10-2263] Analyzing Verilog file "C:/Users/Student/Downloads/CA project/SingleCycleRiscV/Project_Submission/task_B/project_2/project_2.srcs/sources_1/imports/rtl/ProgramCounter.v" into library xil_defaultlib
INFO: [VRFC 10-311] analyzing module ProgramCounter
INFO: [VRFC 10-2263] Analyzing Verilog file "C:/Users/Student/Downloads/CA project/SingleCycleRiscV/Project_Submission/task_B/project_2/project_2.srcs/sources_1/imports/rtl/Registerfile.v" into library xil_defaultlib
INFO: [VRFC 10-311] analyzing module RegisterFile
INFO: [VRFC 10-2263] Analyzing Verilog file "C:/Users/Student/Downloads/CA project/SingleCycleRiscV/Project_Submission/task_B/project_2/project_2.srcs/sources_1/imports/rtl/TopLevelProcessor.v" into library xil_defaultlib
INFO: [VRFC 10-311] analyzing module TopLevelProcessor
INFO: [VRFC 10-2263] Analyzing Verilog file "C:/Users/Student/Downloads/CA project/SingleCycleRiscV/Project_Submission/task_B/project_2/project_2.srcs/sources_1/imports/rtl/addressDecoderTop.v" into library xil_defaultlib
INFO: [VRFC 10-311] analyzing module addressDecoderTop
INFO: [VRFC 10-2263] Analyzing Verilog file "C:/Users/Student/Downloads/CA project/SingleCycleRiscV/Project_Submission/task_B/project_2/project_2.srcs/sources_1/imports/rtl/alu.v" into library xil_defaultlib
INFO: [VRFC 10-311] analyzing module alu_1bit
INFO: [VRFC 10-2263] Analyzing Verilog file "C:/Users/Student/Downloads/CA project/SingleCycleRiscV/Project_Submission/task_B/project_2/project_2.srcs/sources_1/imports/rtl/alu_32bit.v" into library xil_defaultlib
INFO: [VRFC 10-311] analyzing module alu_32bit
INFO: [VRFC 10-2263] Analyzing Verilog file "C:/Users/Student/Downloads/CA project/SingleCycleRiscV/Project_Submission/task_B/project_2/project_2.srcs/sources_1/imports/rtl/alu_control.v" into library xil_defaultlib
INFO: [VRFC 10-311] analyzing module alu_control
INFO: [VRFC 10-2263] Analyzing Verilog file "C:/Users/Student/Downloads/CA project/SingleCycleRiscV/Project_Submission/task_B/project_2/project_2.srcs/sources_1/imports/rtl/and_gate.v" into library xil_defaultlib
INFO: [VRFC 10-311] analyzing module and_gate
INFO: [VRFC 10-2263] Analyzing Verilog file "C:/Users/Student/Downloads/CA project/SingleCycleRiscV/Project_Submission/task_B/project_2/project_2.srcs/sources_1/imports/rtl/branchAdder.v" into library xil_defaultlib
INFO: [VRFC 10-311] analyzing module branchAdder
INFO: [VRFC 10-2263] Analyzing Verilog file "C:/Users/Student/Downloads/CA project/SingleCycleRiscV/Project_Submission/task_B/project_2/project_2.srcs/sources_1/imports/rtl/full_adder.v" into library xil_defaultlib
INFO: [VRFC 10-311] analyzing module full_adder
INFO: [VRFC 10-2263] Analyzing Verilog file "C:/Users/Student/Downloads/CA project/SingleCycleRiscV/Project_Submission/task_B/project_2/project_2.srcs/sources_1/imports/rtl/immGen.v" into library xil_defaultlib
INFO: [VRFC 10-311] analyzing module immGen
INFO: [VRFC 10-2263] Analyzing Verilog file "C:/Users/Student/Downloads/CA project/SingleCycleRiscV/Project_Submission/task_B/project_2/project_2.srcs/sources_1/imports/rtl/instructionMemory.v" into library xil_defaultlib
INFO: [VRFC 10-311] analyzing module instructionMemory
INFO: [VRFC 10-2263] Analyzing Verilog file "C:/Users/Student/Downloads/CA project/SingleCycleRiscV/Project_Submission/task_B/project_2/project_2.srcs/sources_1/imports/rtl/leds.v" into library xil_defaultlib
INFO: [VRFC 10-311] analyzing module leds
INFO: [VRFC 10-2263] Analyzing Verilog file "C:/Users/Student/Downloads/CA project/SingleCycleRiscV/Project_Submission/task_B/project_2/project_2.srcs/sources_1/imports/rtl/main_control.v" into library xil_defaultlib
INFO: [VRFC 10-311] analyzing module main_control
INFO: [VRFC 10-2263] Analyzing Verilog file "C:/Users/Student/Downloads/CA project/SingleCycleRiscV/Project_Submission/task_B/project_2/project_2.srcs/sources_1/imports/rtl/mux2.v" into library xil_defaultlib
INFO: [VRFC 10-311] analyzing module mux2
INFO: [VRFC 10-2263] Analyzing Verilog file "C:/Users/Student/Downloads/CA project/SingleCycleRiscV/Project_Submission/task_B/project_2/project_2.srcs/sources_1/imports/rtl/or_gate.v" into library xil_defaultlib
INFO: [VRFC 10-311] analyzing module or_gate
INFO: [VRFC 10-2263] Analyzing Verilog file "C:/Users/Student/Downloads/CA project/SingleCycleRiscV/Project_Submission/task_B/project_2/project_2.srcs/sources_1/imports/rtl/pcAdder.v" into library xil_defaultlib
INFO: [VRFC 10-311] analyzing module pcAdder
INFO: [VRFC 10-2263] Analyzing Verilog file "C:/Users/Student/Downloads/CA project/SingleCycleRiscV/Project_Submission/task_B/project_2/project_2.srcs/sources_1/imports/rtl/shifter_32bit.v" into library xil_defaultlib
INFO: [VRFC 10-311] analyzing module shifter_32bit
INFO: [VRFC 10-2263] Analyzing Verilog file "C:/Users/Student/Downloads/CA project/SingleCycleRiscV/Project_Submission/task_B/project_2/project_2.srcs/sources_1/imports/rtl/switches.v" into library xil_defaultlib
INFO: [VRFC 10-311] analyzing module switches
INFO: [VRFC 10-2263] Analyzing Verilog file "C:/Users/Student/Downloads/CA project/SingleCycleRiscV/Project_Submission/task_B/project_2/project_2.srcs/sources_1/imports/rtl/xor_gate.v" into library xil_defaultlib
INFO: [VRFC 10-311] analyzing module xor_gate
INFO: [VRFC 10-2263] Analyzing Verilog file "C:/Users/Student/Downloads/CA project/SingleCycleRiscV/Project_Submission/task_B/project_2/project_2.srcs/sim_1/imports/tb/tb_task_b.v" into library xil_defaultlib
INFO: [VRFC 10-311] analyzing module tb_task_b
