Vivado Simulator 2020.1
Copyright 1986-1999, 2001-2020 Xilinx, Inc. All Rights Reserved.
Running: C:/Xilinx/Vivado/2020.1/bin/unwrapped/win64.o/xelab.exe -wto 00dfdf37667d483c86486c9c055f1b77 --incr --debug typical --relax --mt 2 -L xil_defaultlib -L unisims_ver -L unimacro_ver -L secureip --snapshot tb_task_a_behav xil_defaultlib.tb_task_a xil_defaultlib.glbl -log elaborate.log 
Using 2 slave threads.
Starting static elaboration
Pass Through NonSizing Optimizer
Completed static elaboration
Starting simulation data flow analysis
Completed simulation data flow analysis
Time Resolution for simulation is 1ps
Compiling module xil_defaultlib.ProgramCounter
Compiling module xil_defaultlib.pcAdder
Compiling module xil_defaultlib.branchAdder
Compiling module xil_defaultlib.mux2
Compiling module xil_defaultlib.instructionMemory(INIT_FILE="ins...
Compiling module xil_defaultlib.main_control
Compiling module xil_defaultlib.immGen
Compiling module xil_defaultlib.RegisterFile
Compiling module xil_defaultlib.alu_control
Compiling module xil_defaultlib.and_gate
Compiling module xil_defaultlib.or_gate
Compiling module xil_defaultlib.xor_gate
Compiling module xil_defaultlib.full_adder
Compiling module xil_defaultlib.alu_1bit
Compiling module xil_defaultlib.shifter_32bit
Compiling module xil_defaultlib.alu_32bit_default
Compiling module xil_defaultlib.AddressDecoder
Compiling module xil_defaultlib.DataMemory
Compiling module xil_defaultlib.switches
Compiling module xil_defaultlib.leds
Compiling module xil_defaultlib.addressDecoderTop
Compiling module xil_defaultlib.TopLevelProcessor(INIT_FILE="ins...
Compiling module xil_defaultlib.tb_task_a
Compiling module xil_defaultlib.glbl
Built simulation snapshot tb_task_a_behav
