
*** Running vivado
    with args -log task_a_fpga_top.vds -m64 -product Vivado -mode batch -messageDb vivado.pb -notrace -source task_a_fpga_top.tcl



****** Vivado v2020.1 (64-bit)
  **** SW Build 2902540 on Wed May 27 19:54:49 MDT 2020
  **** IP Build 2902112 on Wed May 27 22:43:36 MDT 2020
    ** Copyright 1986-2020 Xilinx, Inc. All Rights Reserved.

source task_a_fpga_top.tcl -notrace
Command: synth_design -top task_a_fpga_top -part xc7a35tcpg236-1
Starting synth_design
Attempting to get a license for feature 'Synthesis' and/or device 'xc7a35t'
INFO: [Common 17-349] Got license for feature 'Synthesis' and/or device 'xc7a35t'
INFO: [Device 21-403] Loading part xc7a35tcpg236-1
INFO: [Synth 8-7079] Multithreading enabled for synth_design using a maximum of 2 processes.
INFO: [Synth 8-7078] Launching helper process for spawning children vivado processes
INFO: [Synth 8-7075] Helper process launched with PID 16344
---------------------------------------------------------------------------------
Starting RTL Elaboration : Time (s): cpu = 00:00:07 ; elapsed = 00:00:10 . Memory (MB): peak = 1029.945 ; gain = 0.000
---------------------------------------------------------------------------------
INFO: [Synth 8-6157] synthesizing module 'task_a_fpga_top' [C:/Users/Student/Downloads/CA project/SingleCycleRiscV/Project_Submission/task_A/project_1/project_1.srcs/sources_1/imports/rtl/task_a_fpga_top.v:3]
INFO: [Synth 8-6157] synthesizing module 'riscv_fpga_top' [C:/Users/Student/Downloads/CA project/SingleCycleRiscV/Project_Submission/task_A/project_1/project_1.srcs/sources_1/imports/rtl/riscv_fpga_top.v:19]
	Parameter INIT_FILE bound to: taskc.mem - type: string 
INFO: [Synth 8-6157] synthesizing module 'debouncer' [C:/Users/Student/Downloads/CA project/SingleCycleRiscV/Project_Submission/task_A/project_1/project_1.srcs/sources_1/imports/rtl/debouncer.v:23]
INFO: [Synth 8-6155] done synthesizing module 'debouncer' (1#1) [C:/Users/Student/Downloads/CA project/SingleCycleRiscV/Project_Submission/task_A/project_1/project_1.srcs/sources_1/imports/rtl/debouncer.v:23]
INFO: [Synth 8-6157] synthesizing module 'clock_divider' [C:/Users/Student/Downloads/CA project/SingleCycleRiscV/Project_Submission/task_A/project_1/project_1.srcs/sources_1/imports/rtl/clock_divider.v:23]
	Parameter MAX_COUNT bound to: 25000 - type: integer 
INFO: [Synth 8-6155] done synthesizing module 'clock_divider' (2#1) [C:/Users/Student/Downloads/CA project/SingleCycleRiscV/Project_Submission/task_A/project_1/project_1.srcs/sources_1/imports/rtl/clock_divider.v:23]
INFO: [Synth 8-6157] synthesizing module 'TopLevelProcessor' [C:/Users/Student/Downloads/CA project/SingleCycleRiscV/Project_Submission/task_A/project_1/project_1.srcs/sources_1/imports/rtl/TopLevelProcessor.v:21]
	Parameter INIT_FILE bound to: taskc.mem - type: string 
INFO: [Synth 8-6157] synthesizing module 'ProgramCounter' [C:/Users/Student/Downloads/CA project/SingleCycleRiscV/Project_Submission/task_A/project_1/project_1.srcs/sources_1/imports/rtl/ProgramCounter.v:6]
INFO: [Synth 8-6155] done synthesizing module 'ProgramCounter' (3#1) [C:/Users/Student/Downloads/CA project/SingleCycleRiscV/Project_Submission/task_A/project_1/project_1.srcs/sources_1/imports/rtl/ProgramCounter.v:6]
INFO: [Synth 8-6157] synthesizing module 'pcAdder' [C:/Users/Student/Downloads/CA project/SingleCycleRiscV/Project_Submission/task_A/project_1/project_1.srcs/sources_1/imports/rtl/pcAdder.v:6]
INFO: [Synth 8-6155] done synthesizing module 'pcAdder' (4#1) [C:/Users/Student/Downloads/CA project/SingleCycleRiscV/Project_Submission/task_A/project_1/project_1.srcs/sources_1/imports/rtl/pcAdder.v:6]
INFO: [Synth 8-6157] synthesizing module 'branchAdder' [C:/Users/Student/Downloads/CA project/SingleCycleRiscV/Project_Submission/task_A/project_1/project_1.srcs/sources_1/imports/rtl/branchAdder.v:5]
INFO: [Synth 8-6155] done synthesizing module 'branchAdder' (5#1) [C:/Users/Student/Downloads/CA project/SingleCycleRiscV/Project_Submission/task_A/project_1/project_1.srcs/sources_1/imports/rtl/branchAdder.v:5]
INFO: [Synth 8-6157] synthesizing module 'mux2' [C:/Users/Student/Downloads/CA project/SingleCycleRiscV/Project_Submission/task_A/project_1/project_1.srcs/sources_1/imports/rtl/mux2.v:7]
INFO: [Synth 8-6155] done synthesizing module 'mux2' (6#1) [C:/Users/Student/Downloads/CA project/SingleCycleRiscV/Project_Submission/task_A/project_1/project_1.srcs/sources_1/imports/rtl/mux2.v:7]
INFO: [Synth 8-6157] synthesizing module 'instructionMemory' [C:/Users/Student/Downloads/CA project/SingleCycleRiscV/Project_Submission/task_A/project_1/project_1.srcs/sources_1/imports/rtl/instructionMemory.v:3]
	Parameter INIT_FILE bound to: taskc.mem - type: string 
	Parameter OPERAND_LENGTH bound to: 31 - type: integer 
INFO: [Synth 8-3876] $readmem data file 'taskc.mem' is read successfully [C:/Users/Student/Downloads/CA project/SingleCycleRiscV/Project_Submission/task_A/project_1/project_1.srcs/sources_1/imports/rtl/instructionMemory.v:15]
INFO: [Synth 8-6155] done synthesizing module 'instructionMemory' (7#1) [C:/Users/Student/Downloads/CA project/SingleCycleRiscV/Project_Submission/task_A/project_1/project_1.srcs/sources_1/imports/rtl/instructionMemory.v:3]
INFO: [Synth 8-6157] synthesizing module 'main_control' [C:/Users/Student/Downloads/CA project/SingleCycleRiscV/Project_Submission/task_A/project_1/project_1.srcs/sources_1/imports/rtl/main_control.v:20]
INFO: [Synth 8-6155] done synthesizing module 'main_control' (8#1) [C:/Users/Student/Downloads/CA project/SingleCycleRiscV/Project_Submission/task_A/project_1/project_1.srcs/sources_1/imports/rtl/main_control.v:20]
INFO: [Synth 8-6157] synthesizing module 'immGen' [C:/Users/Student/Downloads/CA project/SingleCycleRiscV/Project_Submission/task_A/project_1/project_1.srcs/sources_1/imports/rtl/immGen.v:17]
INFO: [Synth 8-6155] done synthesizing module 'immGen' (9#1) [C:/Users/Student/Downloads/CA project/SingleCycleRiscV/Project_Submission/task_A/project_1/project_1.srcs/sources_1/imports/rtl/immGen.v:17]
INFO: [Synth 8-6157] synthesizing module 'RegisterFile' [C:/Users/Student/Downloads/CA project/SingleCycleRiscV/Project_Submission/task_A/project_1/project_1.srcs/sources_1/imports/rtl/Registerfile.v:2]
INFO: [Synth 8-6155] done synthesizing module 'RegisterFile' (10#1) [C:/Users/Student/Downloads/CA project/SingleCycleRiscV/Project_Submission/task_A/project_1/project_1.srcs/sources_1/imports/rtl/Registerfile.v:2]
INFO: [Synth 8-6157] synthesizing module 'alu_control' [C:/Users/Student/Downloads/CA project/SingleCycleRiscV/Project_Submission/task_A/project_1/project_1.srcs/sources_1/imports/rtl/alu_control.v:23]
INFO: [Synth 8-226] default block is never used [C:/Users/Student/Downloads/CA project/SingleCycleRiscV/Project_Submission/task_A/project_1/project_1.srcs/sources_1/imports/rtl/alu_control.v:31]
INFO: [Synth 8-6155] done synthesizing module 'alu_control' (11#1) [C:/Users/Student/Downloads/CA project/SingleCycleRiscV/Project_Submission/task_A/project_1/project_1.srcs/sources_1/imports/rtl/alu_control.v:23]
INFO: [Synth 8-6157] synthesizing module 'alu_32bit' [C:/Users/Student/Downloads/CA project/SingleCycleRiscV/Project_Submission/task_A/project_1/project_1.srcs/sources_1/imports/rtl/alu_32bit.v:2]
INFO: [Synth 8-6157] synthesizing module 'alu_1bit' [C:/Users/Student/Downloads/CA project/SingleCycleRiscV/Project_Submission/task_A/project_1/project_1.srcs/sources_1/imports/rtl/alu.v:23]
INFO: [Synth 8-6157] synthesizing module 'and_gate' [C:/Users/Student/Downloads/CA project/SingleCycleRiscV/Project_Submission/task_A/project_1/project_1.srcs/sources_1/imports/rtl/and_gate.v:23]
INFO: [Synth 8-6155] done synthesizing module 'and_gate' (12#1) [C:/Users/Student/Downloads/CA project/SingleCycleRiscV/Project_Submission/task_A/project_1/project_1.srcs/sources_1/imports/rtl/and_gate.v:23]
INFO: [Synth 8-6157] synthesizing module 'or_gate' [C:/Users/Student/Downloads/CA project/SingleCycleRiscV/Project_Submission/task_A/project_1/project_1.srcs/sources_1/imports/rtl/or_gate.v:23]
INFO: [Synth 8-6155] done synthesizing module 'or_gate' (13#1) [C:/Users/Student/Downloads/CA project/SingleCycleRiscV/Project_Submission/task_A/project_1/project_1.srcs/sources_1/imports/rtl/or_gate.v:23]
INFO: [Synth 8-6157] synthesizing module 'xor_gate' [C:/Users/Student/Downloads/CA project/SingleCycleRiscV/Project_Submission/task_A/project_1/project_1.srcs/sources_1/imports/rtl/xor_gate.v:23]
INFO: [Synth 8-6155] done synthesizing module 'xor_gate' (14#1) [C:/Users/Student/Downloads/CA project/SingleCycleRiscV/Project_Submission/task_A/project_1/project_1.srcs/sources_1/imports/rtl/xor_gate.v:23]
INFO: [Synth 8-6157] synthesizing module 'full_adder' [C:/Users/Student/Downloads/CA project/SingleCycleRiscV/Project_Submission/task_A/project_1/project_1.srcs/sources_1/imports/rtl/full_adder.v:5]
INFO: [Synth 8-6155] done synthesizing module 'full_adder' (15#1) [C:/Users/Student/Downloads/CA project/SingleCycleRiscV/Project_Submission/task_A/project_1/project_1.srcs/sources_1/imports/rtl/full_adder.v:5]
INFO: [Synth 8-226] default block is never used [C:/Users/Student/Downloads/CA project/SingleCycleRiscV/Project_Submission/task_A/project_1/project_1.srcs/sources_1/imports/rtl/alu.v:55]
INFO: [Synth 8-6155] done synthesizing module 'alu_1bit' (16#1) [C:/Users/Student/Downloads/CA project/SingleCycleRiscV/Project_Submission/task_A/project_1/project_1.srcs/sources_1/imports/rtl/alu.v:23]
INFO: [Synth 8-6157] synthesizing module 'shifter_32bit' [C:/Users/Student/Downloads/CA project/SingleCycleRiscV/Project_Submission/task_A/project_1/project_1.srcs/sources_1/imports/rtl/shifter_32bit.v:22]
INFO: [Synth 8-6155] done synthesizing module 'shifter_32bit' (17#1) [C:/Users/Student/Downloads/CA project/SingleCycleRiscV/Project_Submission/task_A/project_1/project_1.srcs/sources_1/imports/rtl/shifter_32bit.v:22]
INFO: [Synth 8-6155] done synthesizing module 'alu_32bit' (18#1) [C:/Users/Student/Downloads/CA project/SingleCycleRiscV/Project_Submission/task_A/project_1/project_1.srcs/sources_1/imports/rtl/alu_32bit.v:2]
INFO: [Synth 8-6157] synthesizing module 'addressDecoderTop' [C:/Users/Student/Downloads/CA project/SingleCycleRiscV/Project_Submission/task_A/project_1/project_1.srcs/sources_1/imports/rtl/addressDecoderTop.v:3]
INFO: [Synth 8-6157] synthesizing module 'AddressDecoder' [C:/Users/Student/Downloads/CA project/SingleCycleRiscV/Project_Submission/task_A/project_1/project_1.srcs/sources_1/imports/rtl/AddressDecoder.v:3]
INFO: [Synth 8-6155] done synthesizing module 'AddressDecoder' (19#1) [C:/Users/Student/Downloads/CA project/SingleCycleRiscV/Project_Submission/task_A/project_1/project_1.srcs/sources_1/imports/rtl/AddressDecoder.v:3]
INFO: [Synth 8-6157] synthesizing module 'DataMemory' [C:/Users/Student/Downloads/CA project/SingleCycleRiscV/Project_Submission/task_A/project_1/project_1.srcs/sources_1/imports/rtl/DataMemory.v:2]
INFO: [Synth 8-6155] done synthesizing module 'DataMemory' (20#1) [C:/Users/Student/Downloads/CA project/SingleCycleRiscV/Project_Submission/task_A/project_1/project_1.srcs/sources_1/imports/rtl/DataMemory.v:2]
INFO: [Synth 8-6157] synthesizing module 'switches' [C:/Users/Student/Downloads/CA project/SingleCycleRiscV/Project_Submission/task_A/project_1/project_1.srcs/sources_1/imports/rtl/switches.v:23]
INFO: [Synth 8-6155] done synthesizing module 'switches' (21#1) [C:/Users/Student/Downloads/CA project/SingleCycleRiscV/Project_Submission/task_A/project_1/project_1.srcs/sources_1/imports/rtl/switches.v:23]
INFO: [Synth 8-6157] synthesizing module 'leds' [C:/Users/Student/Downloads/CA project/SingleCycleRiscV/Project_Submission/task_A/project_1/project_1.srcs/sources_1/imports/rtl/leds.v:23]
INFO: [Synth 8-6155] done synthesizing module 'leds' (22#1) [C:/Users/Student/Downloads/CA project/SingleCycleRiscV/Project_Submission/task_A/project_1/project_1.srcs/sources_1/imports/rtl/leds.v:23]
INFO: [Synth 8-6155] done synthesizing module 'addressDecoderTop' (23#1) [C:/Users/Student/Downloads/CA project/SingleCycleRiscV/Project_Submission/task_A/project_1/project_1.srcs/sources_1/imports/rtl/addressDecoderTop.v:3]
INFO: [Synth 8-6155] done synthesizing module 'TopLevelProcessor' (24#1) [C:/Users/Student/Downloads/CA project/SingleCycleRiscV/Project_Submission/task_A/project_1/project_1.srcs/sources_1/imports/rtl/TopLevelProcessor.v:21]
INFO: [Synth 8-6157] synthesizing module 'seven_seg_controller' [C:/Users/Student/Downloads/CA project/SingleCycleRiscV/Project_Submission/task_A/project_1/project_1.srcs/sources_1/imports/rtl/seven_seg_controller.v:3]
INFO: [Synth 8-226] default block is never used [C:/Users/Student/Downloads/CA project/SingleCycleRiscV/Project_Submission/task_A/project_1/project_1.srcs/sources_1/imports/rtl/seven_seg_controller.v:51]
INFO: [Synth 8-6155] done synthesizing module 'seven_seg_controller' (25#1) [C:/Users/Student/Downloads/CA project/SingleCycleRiscV/Project_Submission/task_A/project_1/project_1.srcs/sources_1/imports/rtl/seven_seg_controller.v:3]
INFO: [Synth 8-6155] done synthesizing module 'riscv_fpga_top' (26#1) [C:/Users/Student/Downloads/CA project/SingleCycleRiscV/Project_Submission/task_A/project_1/project_1.srcs/sources_1/imports/rtl/riscv_fpga_top.v:19]
INFO: [Synth 8-6155] done synthesizing module 'task_a_fpga_top' (27#1) [C:/Users/Student/Downloads/CA project/SingleCycleRiscV/Project_Submission/task_A/project_1/project_1.srcs/sources_1/imports/rtl/task_a_fpga_top.v:3]
---------------------------------------------------------------------------------
Finished RTL Elaboration : Time (s): cpu = 00:00:13 ; elapsed = 00:00:17 . Memory (MB): peak = 1029.945 ; gain = 0.000
---------------------------------------------------------------------------------
---------------------------------------------------------------------------------
Start Handling Custom Attributes
---------------------------------------------------------------------------------
---------------------------------------------------------------------------------
Finished Handling Custom Attributes : Time (s): cpu = 00:00:14 ; elapsed = 00:00:19 . Memory (MB): peak = 1029.945 ; gain = 0.000
---------------------------------------------------------------------------------
---------------------------------------------------------------------------------
Finished RTL Optimization Phase 1 : Time (s): cpu = 00:00:14 ; elapsed = 00:00:19 . Memory (MB): peak = 1029.945 ; gain = 0.000
---------------------------------------------------------------------------------
Netlist sorting complete. Time (s): cpu = 00:00:01 ; elapsed = 00:00:00.405 . Memory (MB): peak = 1029.945 ; gain = 0.000
INFO: [Project 1-570] Preparing netlist for logic optimization

Processing XDC Constraints
Initializing timing engine
Parsing XDC File [C:/Users/Student/Downloads/CA project/SingleCycleRiscV/Project_Submission/task_A/project_1/project_1.srcs/constrs_1/imports/files/Basys3.xdc]
Finished Parsing XDC File [C:/Users/Student/Downloads/CA project/SingleCycleRiscV/Project_Submission/task_A/project_1/project_1.srcs/constrs_1/imports/files/Basys3.xdc]
INFO: [Project 1-236] Implementation specific constraints were found while reading constraint file [C:/Users/Student/Downloads/CA project/SingleCycleRiscV/Project_Submission/task_A/project_1/project_1.srcs/constrs_1/imports/files/Basys3.xdc]. These constraints will be ignored for synthesis but will be used in implementation. Impacted constraints are listed in the file [.Xil/task_a_fpga_top_propImpl.xdc].
Resolution: To avoid this warning, move constraints listed in [.Xil/task_a_fpga_top_propImpl.xdc] to another XDC file and exclude this new file from synthesis with the used_in_synthesis property (File Properties dialog in GUI) and re-run elaboration/synthesis.
Completed Processing XDC Constraints

Netlist sorting complete. Time (s): cpu = 00:00:00 ; elapsed = 00:00:00.005 . Memory (MB): peak = 1127.781 ; gain = 0.000
INFO: [Project 1-111] Unisim Transformation Summary:
No Unisim elements were transformed.

Constraint Validation Runtime : Time (s): cpu = 00:00:00 ; elapsed = 00:00:00.197 . Memory (MB): peak = 1127.781 ; gain = 0.000
---------------------------------------------------------------------------------
Finished Constraint Validation : Time (s): cpu = 00:00:29 ; elapsed = 00:00:37 . Memory (MB): peak = 1127.781 ; gain = 97.836
---------------------------------------------------------------------------------
---------------------------------------------------------------------------------
Start Loading Part and Timing Information
---------------------------------------------------------------------------------
Loading part: xc7a35tcpg236-1
---------------------------------------------------------------------------------
Finished Loading Part and Timing Information : Time (s): cpu = 00:00:29 ; elapsed = 00:00:37 . Memory (MB): peak = 1127.781 ; gain = 97.836
---------------------------------------------------------------------------------
---------------------------------------------------------------------------------
Start Applying 'set_property' XDC Constraints
---------------------------------------------------------------------------------
---------------------------------------------------------------------------------
Finished applying 'set_property' XDC Constraints : Time (s): cpu = 00:00:29 ; elapsed = 00:00:37 . Memory (MB): peak = 1127.781 ; gain = 97.836
---------------------------------------------------------------------------------
---------------------------------------------------------------------------------
Finished RTL Optimization Phase 2 : Time (s): cpu = 00:00:36 ; elapsed = 00:00:47 . Memory (MB): peak = 1127.781 ; gain = 97.836
---------------------------------------------------------------------------------
---------------------------------------------------------------------------------
Start RTL Component Statistics 
---------------------------------------------------------------------------------
Detailed RTL Component Info : 
+---Adders : 
	   2 Input   32 Bit       Adders := 2     
	   2 Input   26 Bit       Adders := 1     
+---XORs : 
	   2 Input      1 Bit         XORs := 33    
	   3 Input      1 Bit         XORs := 32    
+---Registers : 
	               32 Bit    Registers := 545   
	               26 Bit    Registers := 1     
	               16 Bit    Registers := 2     
	                1 Bit    Registers := 1     
+---Muxes : 
	   2 Input   32 Bit        Muxes := 12    
	  24 Input   32 Bit        Muxes := 1     
	   6 Input   32 Bit        Muxes := 1     
	  33 Input   32 Bit        Muxes := 2     
	   2 Input   26 Bit        Muxes := 1     
	   7 Input    4 Bit        Muxes := 1     
	  10 Input    4 Bit        Muxes := 1     
	   4 Input    4 Bit        Muxes := 2     
	  10 Input    3 Bit        Muxes := 1     
	   6 Input    3 Bit        Muxes := 1     
	  10 Input    2 Bit        Muxes := 1     
	   8 Input    2 Bit        Muxes := 1     
	  10 Input    1 Bit        Muxes := 11    
	   2 Input    1 Bit        Muxes := 608   
	   4 Input    1 Bit        Muxes := 32    
	   8 Input    1 Bit        Muxes := 3     
---------------------------------------------------------------------------------
Finished RTL Component Statistics 
---------------------------------------------------------------------------------
---------------------------------------------------------------------------------
Start Part Resource Summary
---------------------------------------------------------------------------------
Part Resources:
DSPs: 90 (col length:60)
BRAMs: 100 (col length: RAMB18 60 RAMB36 30)
---------------------------------------------------------------------------------
Finished Part Resource Summary
---------------------------------------------------------------------------------
---------------------------------------------------------------------------------
Start Cross Boundary and Area Optimization
---------------------------------------------------------------------------------

*** Running vivado
    with args -log task_a_fpga_top.vds -m64 -product Vivado -mode batch -messageDb vivado.pb -notrace -source task_a_fpga_top.tcl



****** Vivado v2020.1 (64-bit)
  **** SW Build 2902540 on Wed May 27 19:54:49 MDT 2020
  **** IP Build 2902112 on Wed May 27 22:43:36 MDT 2020
    ** Copyright 1986-2020 Xilinx, Inc. All Rights Reserved.

source task_a_fpga_top.tcl -notrace
Command: synth_design -top task_a_fpga_top -part xc7a35tcpg236-1
Starting synth_design
Attempting to get a license for feature 'Synthesis' and/or device 'xc7a35t'
INFO: [Common 17-349] Got license for feature 'Synthesis' and/or device 'xc7a35t'
INFO: [Device 21-403] Loading part xc7a35tcpg236-1
INFO: [Synth 8-7079] Multithreading enabled for synth_design using a maximum of 2 processes.
INFO: [Synth 8-7078] Launching helper process for spawning children vivado processes
INFO: [Synth 8-7075] Helper process launched with PID 1752
---------------------------------------------------------------------------------
Starting RTL Elaboration : Time (s): cpu = 00:00:05 ; elapsed = 00:00:06 . Memory (MB): peak = 1026.664 ; gain = 0.000
---------------------------------------------------------------------------------
INFO: [Synth 8-6157] synthesizing module 'task_a_fpga_top' [C:/Users/Student/Downloads/CA project/SingleCycleRiscV/Project_Submission/task_A/project_1/project_1.srcs/sources_1/imports/rtl/task_a_fpga_top.v:3]
INFO: [Synth 8-6157] synthesizing module 'riscv_fpga_top' [C:/Users/Student/Downloads/CA project/SingleCycleRiscV/Project_Submission/task_A/project_1/project_1.srcs/sources_1/imports/rtl/riscv_fpga_top.v:19]
	Parameter INIT_FILE bound to: taskc.mem - type: string 
INFO: [Synth 8-6157] synthesizing module 'debouncer' [C:/Users/Student/Downloads/CA project/SingleCycleRiscV/Project_Submission/task_A/project_1/project_1.srcs/sources_1/imports/rtl/debouncer.v:23]
INFO: [Synth 8-6155] done synthesizing module 'debouncer' (1#1) [C:/Users/Student/Downloads/CA project/SingleCycleRiscV/Project_Submission/task_A/project_1/project_1.srcs/sources_1/imports/rtl/debouncer.v:23]
INFO: [Synth 8-6157] synthesizing module 'clock_divider' [C:/Users/Student/Downloads/CA project/SingleCycleRiscV/Project_Submission/task_A/project_1/project_1.srcs/sources_1/imports/rtl/clock_divider.v:23]
	Parameter MAX_COUNT bound to: 25000 - type: integer 
INFO: [Synth 8-6155] done synthesizing module 'clock_divider' (2#1) [C:/Users/Student/Downloads/CA project/SingleCycleRiscV/Project_Submission/task_A/project_1/project_1.srcs/sources_1/imports/rtl/clock_divider.v:23]
INFO: [Synth 8-6157] synthesizing module 'TopLevelProcessor' [C:/Users/Student/Downloads/CA project/SingleCycleRiscV/Project_Submission/task_A/project_1/project_1.srcs/sources_1/imports/rtl/TopLevelProcessor.v:21]
	Parameter INIT_FILE bound to: taskc.mem - type: string 
INFO: [Synth 8-6157] synthesizing module 'ProgramCounter' [C:/Users/Student/Downloads/CA project/SingleCycleRiscV/Project_Submission/task_A/project_1/project_1.srcs/sources_1/imports/rtl/ProgramCounter.v:6]
INFO: [Synth 8-6155] done synthesizing module 'ProgramCounter' (3#1) [C:/Users/Student/Downloads/CA project/SingleCycleRiscV/Project_Submission/task_A/project_1/project_1.srcs/sources_1/imports/rtl/ProgramCounter.v:6]
INFO: [Synth 8-6157] synthesizing module 'pcAdder' [C:/Users/Student/Downloads/CA project/SingleCycleRiscV/Project_Submission/task_A/project_1/project_1.srcs/sources_1/imports/rtl/pcAdder.v:6]
INFO: [Synth 8-6155] done synthesizing module 'pcAdder' (4#1) [C:/Users/Student/Downloads/CA project/SingleCycleRiscV/Project_Submission/task_A/project_1/project_1.srcs/sources_1/imports/rtl/pcAdder.v:6]
INFO: [Synth 8-6157] synthesizing module 'branchAdder' [C:/Users/Student/Downloads/CA project/SingleCycleRiscV/Project_Submission/task_A/project_1/project_1.srcs/sources_1/imports/rtl/branchAdder.v:5]
INFO: [Synth 8-6155] done synthesizing module 'branchAdder' (5#1) [C:/Users/Student/Downloads/CA project/SingleCycleRiscV/Project_Submission/task_A/project_1/project_1.srcs/sources_1/imports/rtl/branchAdder.v:5]
INFO: [Synth 8-6157] synthesizing module 'mux2' [C:/Users/Student/Downloads/CA project/SingleCycleRiscV/Project_Submission/task_A/project_1/project_1.srcs/sources_1/imports/rtl/mux2.v:7]
INFO: [Synth 8-6155] done synthesizing module 'mux2' (6#1) [C:/Users/Student/Downloads/CA project/SingleCycleRiscV/Project_Submission/task_A/project_1/project_1.srcs/sources_1/imports/rtl/mux2.v:7]
INFO: [Synth 8-6157] synthesizing module 'instructionMemory' [C:/Users/Student/Downloads/CA project/SingleCycleRiscV/Project_Submission/task_A/project_1/project_1.srcs/sources_1/imports/rtl/instructionMemory.v:3]
	Parameter INIT_FILE bound to: taskc.mem - type: string 
	Parameter OPERAND_LENGTH bound to: 31 - type: integer 
INFO: [Synth 8-3876] $readmem data file 'taskc.mem' is read successfully [C:/Users/Student/Downloads/CA project/SingleCycleRiscV/Project_Submission/task_A/project_1/project_1.srcs/sources_1/imports/rtl/instructionMemory.v:15]
INFO: [Synth 8-6155] done synthesizing module 'instructionMemory' (7#1) [C:/Users/Student/Downloads/CA project/SingleCycleRiscV/Project_Submission/task_A/project_1/project_1.srcs/sources_1/imports/rtl/instructionMemory.v:3]
INFO: [Synth 8-6157] synthesizing module 'main_control' [C:/Users/Student/Downloads/CA project/SingleCycleRiscV/Project_Submission/task_A/project_1/project_1.srcs/sources_1/imports/rtl/main_control.v:20]
INFO: [Synth 8-6155] done synthesizing module 'main_control' (8#1) [C:/Users/Student/Downloads/CA project/SingleCycleRiscV/Project_Submission/task_A/project_1/project_1.srcs/sources_1/imports/rtl/main_control.v:20]
INFO: [Synth 8-6157] synthesizing module 'immGen' [C:/Users/Student/Downloads/CA project/SingleCycleRiscV/Project_Submission/task_A/project_1/project_1.srcs/sources_1/imports/rtl/immGen.v:17]
INFO: [Synth 8-6155] done synthesizing module 'immGen' (9#1) [C:/Users/Student/Downloads/CA project/SingleCycleRiscV/Project_Submission/task_A/project_1/project_1.srcs/sources_1/imports/rtl/immGen.v:17]
INFO: [Synth 8-6157] synthesizing module 'RegisterFile' [C:/Users/Student/Downloads/CA project/SingleCycleRiscV/Project_Submission/task_A/project_1/project_1.srcs/sources_1/imports/rtl/Registerfile.v:2]
INFO: [Synth 8-6155] done synthesizing module 'RegisterFile' (10#1) [C:/Users/Student/Downloads/CA project/SingleCycleRiscV/Project_Submission/task_A/project_1/project_1.srcs/sources_1/imports/rtl/Registerfile.v:2]
INFO: [Synth 8-6157] synthesizing module 'alu_control' [C:/Users/Student/Downloads/CA project/SingleCycleRiscV/Project_Submission/task_A/project_1/project_1.srcs/sources_1/imports/rtl/alu_control.v:23]
INFO: [Synth 8-226] default block is never used [C:/Users/Student/Downloads/CA project/SingleCycleRiscV/Project_Submission/task_A/project_1/project_1.srcs/sources_1/imports/rtl/alu_control.v:31]
INFO: [Synth 8-6155] done synthesizing module 'alu_control' (11#1) [C:/Users/Student/Downloads/CA project/SingleCycleRiscV/Project_Submission/task_A/project_1/project_1.srcs/sources_1/imports/rtl/alu_control.v:23]
INFO: [Synth 8-6157] synthesizing module 'alu_32bit' [C:/Users/Student/Downloads/CA project/SingleCycleRiscV/Project_Submission/task_A/project_1/project_1.srcs/sources_1/imports/rtl/alu_32bit.v:2]
INFO: [Synth 8-6157] synthesizing module 'alu_1bit' [C:/Users/Student/Downloads/CA project/SingleCycleRiscV/Project_Submission/task_A/project_1/project_1.srcs/sources_1/imports/rtl/alu.v:23]
INFO: [Synth 8-6157] synthesizing module 'and_gate' [C:/Users/Student/Downloads/CA project/SingleCycleRiscV/Project_Submission/task_A/project_1/project_1.srcs/sources_1/imports/rtl/and_gate.v:23]
INFO: [Synth 8-6155] done synthesizing module 'and_gate' (12#1) [C:/Users/Student/Downloads/CA project/SingleCycleRiscV/Project_Submission/task_A/project_1/project_1.srcs/sources_1/imports/rtl/and_gate.v:23]
INFO: [Synth 8-6157] synthesizing module 'or_gate' [C:/Users/Student/Downloads/CA project/SingleCycleRiscV/Project_Submission/task_A/project_1/project_1.srcs/sources_1/imports/rtl/or_gate.v:23]
INFO: [Synth 8-6155] done synthesizing module 'or_gate' (13#1) [C:/Users/Student/Downloads/CA project/SingleCycleRiscV/Project_Submission/task_A/project_1/project_1.srcs/sources_1/imports/rtl/or_gate.v:23]
INFO: [Synth 8-6157] synthesizing module 'xor_gate' [C:/Users/Student/Downloads/CA project/SingleCycleRiscV/Project_Submission/task_A/project_1/project_1.srcs/sources_1/imports/rtl/xor_gate.v:23]
INFO: [Synth 8-6155] done synthesizing module 'xor_gate' (14#1) [C:/Users/Student/Downloads/CA project/SingleCycleRiscV/Project_Submission/task_A/project_1/project_1.srcs/sources_1/imports/rtl/xor_gate.v:23]
INFO: [Synth 8-6157] synthesizing module 'full_adder' [C:/Users/Student/Downloads/CA project/SingleCycleRiscV/Project_Submission/task_A/project_1/project_1.srcs/sources_1/imports/rtl/full_adder.v:5]
INFO: [Synth 8-6155] done synthesizing module 'full_adder' (15#1) [C:/Users/Student/Downloads/CA project/SingleCycleRiscV/Project_Submission/task_A/project_1/project_1.srcs/sources_1/imports/rtl/full_adder.v:5]
INFO: [Synth 8-226] default block is never used [C:/Users/Student/Downloads/CA project/SingleCycleRiscV/Project_Submission/task_A/project_1/project_1.srcs/sources_1/imports/rtl/alu.v:55]
INFO: [Synth 8-6155] done synthesizing module 'alu_1bit' (16#1) [C:/Users/Student/Downloads/CA project/SingleCycleRiscV/Project_Submission/task_A/project_1/project_1.srcs/sources_1/imports/rtl/alu.v:23]
INFO: [Synth 8-6157] synthesizing module 'shifter_32bit' [C:/Users/Student/Downloads/CA project/SingleCycleRiscV/Project_Submission/task_A/project_1/project_1.srcs/sources_1/imports/rtl/shifter_32bit.v:22]
INFO: [Synth 8-6155] done synthesizing module 'shifter_32bit' (17#1) [C:/Users/Student/Downloads/CA project/SingleCycleRiscV/Project_Submission/task_A/project_1/project_1.srcs/sources_1/imports/rtl/shifter_32bit.v:22]
INFO: [Synth 8-6155] done synthesizing module 'alu_32bit' (18#1) [C:/Users/Student/Downloads/CA project/SingleCycleRiscV/Project_Submission/task_A/project_1/project_1.srcs/sources_1/imports/rtl/alu_32bit.v:2]
INFO: [Synth 8-6157] synthesizing module 'addressDecoderTop' [C:/Users/Student/Downloads/CA project/SingleCycleRiscV/Project_Submission/task_A/project_1/project_1.srcs/sources_1/imports/rtl/addressDecoderTop.v:3]
INFO: [Synth 8-6157] synthesizing module 'AddressDecoder' [C:/Users/Student/Downloads/CA project/SingleCycleRiscV/Project_Submission/task_A/project_1/project_1.srcs/sources_1/imports/rtl/AddressDecoder.v:3]
INFO: [Synth 8-6155] done synthesizing module 'AddressDecoder' (19#1) [C:/Users/Student/Downloads/CA project/SingleCycleRiscV/Project_Submission/task_A/project_1/project_1.srcs/sources_1/imports/rtl/AddressDecoder.v:3]
INFO: [Synth 8-6157] synthesizing module 'DataMemory' [C:/Users/Student/Downloads/CA project/SingleCycleRiscV/Project_Submission/task_A/project_1/project_1.srcs/sources_1/imports/rtl/DataMemory.v:2]
INFO: [Synth 8-6155] done synthesizing module 'DataMemory' (20#1) [C:/Users/Student/Downloads/CA project/SingleCycleRiscV/Project_Submission/task_A/project_1/project_1.srcs/sources_1/imports/rtl/DataMemory.v:2]
INFO: [Synth 8-6157] synthesizing module 'switches' [C:/Users/Student/Downloads/CA project/SingleCycleRiscV/Project_Submission/task_A/project_1/project_1.srcs/sources_1/imports/rtl/switches.v:23]
INFO: [Synth 8-6155] done synthesizing module 'switches' (21#1) [C:/Users/Student/Downloads/CA project/SingleCycleRiscV/Project_Submission/task_A/project_1/project_1.srcs/sources_1/imports/rtl/switches.v:23]
INFO: [Synth 8-6157] synthesizing module 'leds' [C:/Users/Student/Downloads/CA project/SingleCycleRiscV/Project_Submission/task_A/project_1/project_1.srcs/sources_1/imports/rtl/leds.v:23]
INFO: [Synth 8-6155] done synthesizing module 'leds' (22#1) [C:/Users/Student/Downloads/CA project/SingleCycleRiscV/Project_Submission/task_A/project_1/project_1.srcs/sources_1/imports/rtl/leds.v:23]
INFO: [Synth 8-6155] done synthesizing module 'addressDecoderTop' (23#1) [C:/Users/Student/Downloads/CA project/SingleCycleRiscV/Project_Submission/task_A/project_1/project_1.srcs/sources_1/imports/rtl/addressDecoderTop.v:3]
INFO: [Synth 8-6155] done synthesizing module 'TopLevelProcessor' (24#1) [C:/Users/Student/Downloads/CA project/SingleCycleRiscV/Project_Submission/task_A/project_1/project_1.srcs/sources_1/imports/rtl/TopLevelProcessor.v:21]
INFO: [Synth 8-6157] synthesizing module 'seven_seg_controller' [C:/Users/Student/Downloads/CA project/SingleCycleRiscV/Project_Submission/task_A/project_1/project_1.srcs/sources_1/imports/rtl/seven_seg_controller.v:3]
INFO: [Synth 8-226] default block is never used [C:/Users/Student/Downloads/CA project/SingleCycleRiscV/Project_Submission/task_A/project_1/project_1.srcs/sources_1/imports/rtl/seven_seg_controller.v:51]
INFO: [Synth 8-6155] done synthesizing module 'seven_seg_controller' (25#1) [C:/Users/Student/Downloads/CA project/SingleCycleRiscV/Project_Submission/task_A/project_1/project_1.srcs/sources_1/imports/rtl/seven_seg_controller.v:3]
INFO: [Synth 8-6155] done synthesizing module 'riscv_fpga_top' (26#1) [C:/Users/Student/Downloads/CA project/SingleCycleRiscV/Project_Submission/task_A/project_1/project_1.srcs/sources_1/imports/rtl/riscv_fpga_top.v:19]
INFO: [Synth 8-6155] done synthesizing module 'task_a_fpga_top' (27#1) [C:/Users/Student/Downloads/CA project/SingleCycleRiscV/Project_Submission/task_A/project_1/project_1.srcs/sources_1/imports/rtl/task_a_fpga_top.v:3]
---------------------------------------------------------------------------------
Finished RTL Elaboration : Time (s): cpu = 00:00:09 ; elapsed = 00:00:11 . Memory (MB): peak = 1026.664 ; gain = 0.000
---------------------------------------------------------------------------------
---------------------------------------------------------------------------------
Start Handling Custom Attributes
---------------------------------------------------------------------------------
---------------------------------------------------------------------------------
Finished Handling Custom Attributes : Time (s): cpu = 00:00:10 ; elapsed = 00:00:12 . Memory (MB): peak = 1026.664 ; gain = 0.000
---------------------------------------------------------------------------------
---------------------------------------------------------------------------------
Finished RTL Optimization Phase 1 : Time (s): cpu = 00:00:10 ; elapsed = 00:00:12 . Memory (MB): peak = 1026.664 ; gain = 0.000
---------------------------------------------------------------------------------
Netlist sorting complete. Time (s): cpu = 00:00:00 ; elapsed = 00:00:00.245 . Memory (MB): peak = 1026.664 ; gain = 0.000
INFO: [Project 1-570] Preparing netlist for logic optimization

Processing XDC Constraints
Initializing timing engine
Parsing XDC File [C:/Users/Student/Downloads/CA project/SingleCycleRiscV/Project_Submission/task_A/project_1/project_1.srcs/constrs_1/imports/files/Basys3.xdc]
Finished Parsing XDC File [C:/Users/Student/Downloads/CA project/SingleCycleRiscV/Project_Submission/task_A/project_1/project_1.srcs/constrs_1/imports/files/Basys3.xdc]
INFO: [Project 1-236] Implementation specific constraints were found while reading constraint file [C:/Users/Student/Downloads/CA project/SingleCycleRiscV/Project_Submission/task_A/project_1/project_1.srcs/constrs_1/imports/files/Basys3.xdc]. These constraints will be ignored for synthesis but will be used in implementation. Impacted constraints are listed in the file [.Xil/task_a_fpga_top_propImpl.xdc].
Resolution: To avoid this warning, move constraints listed in [.Xil/task_a_fpga_top_propImpl.xdc] to another XDC file and exclude this new file from synthesis with the used_in_synthesis property (File Properties dialog in GUI) and re-run elaboration/synthesis.
Completed Processing XDC Constraints

Netlist sorting complete. Time (s): cpu = 00:00:00 ; elapsed = 00:00:00.005 . Memory (MB): peak = 1123.023 ; gain = 0.000
INFO: [Project 1-111] Unisim Transformation Summary:
No Unisim elements were transformed.

Constraint Validation Runtime : Time (s): cpu = 00:00:00 ; elapsed = 00:00:00.113 . Memory (MB): peak = 1123.023 ; gain = 0.000
---------------------------------------------------------------------------------
Finished Constraint Validation : Time (s): cpu = 00:00:20 ; elapsed = 00:00:23 . Memory (MB): peak = 1123.023 ; gain = 96.359
---------------------------------------------------------------------------------
---------------------------------------------------------------------------------
Start Loading Part and Timing Information
---------------------------------------------------------------------------------
Loading part: xc7a35tcpg236-1
---------------------------------------------------------------------------------
Finished Loading Part and Timing Information : Time (s): cpu = 00:00:20 ; elapsed = 00:00:23 . Memory (MB): peak = 1123.023 ; gain = 96.359
---------------------------------------------------------------------------------
---------------------------------------------------------------------------------
Start Applying 'set_property' XDC Constraints
---------------------------------------------------------------------------------
---------------------------------------------------------------------------------
Finished applying 'set_property' XDC Constraints : Time (s): cpu = 00:00:20 ; elapsed = 00:00:23 . Memory (MB): peak = 1123.023 ; gain = 96.359
---------------------------------------------------------------------------------
---------------------------------------------------------------------------------
Finished RTL Optimization Phase 2 : Time (s): cpu = 00:00:25 ; elapsed = 00:00:30 . Memory (MB): peak = 1123.023 ; gain = 96.359
---------------------------------------------------------------------------------
---------------------------------------------------------------------------------
Start RTL Component Statistics 
---------------------------------------------------------------------------------
Detailed RTL Component Info : 
+---Adders : 
	   2 Input   32 Bit       Adders := 2     
	   2 Input   26 Bit       Adders := 1     
+---XORs : 
	   2 Input      1 Bit         XORs := 33    
	   3 Input      1 Bit         XORs := 32    
+---Registers : 
	               32 Bit    Registers := 545   
	               26 Bit    Registers := 1     
	               16 Bit    Registers := 2     
	                1 Bit    Registers := 1     
+---Muxes : 
	   2 Input   32 Bit        Muxes := 12    
	  24 Input   32 Bit        Muxes := 1     
	   6 Input   32 Bit        Muxes := 1     
	  33 Input   32 Bit        Muxes := 2     
	   2 Input   26 Bit        Muxes := 1     
	   7 Input    4 Bit        Muxes := 1     
	  10 Input    4 Bit        Muxes := 1     
	   4 Input    4 Bit        Muxes := 2     
	  10 Input    3 Bit        Muxes := 1     
	   6 Input    3 Bit        Muxes := 1     
	  10 Input    2 Bit        Muxes := 1     
	   8 Input    2 Bit        Muxes := 1     
	  10 Input    1 Bit        Muxes := 11    
	   2 Input    1 Bit        Muxes := 608   
	   4 Input    1 Bit        Muxes := 32    
	   8 Input    1 Bit        Muxes := 3     
---------------------------------------------------------------------------------
Finished RTL Component Statistics 
---------------------------------------------------------------------------------
---------------------------------------------------------------------------------
Start Part Resource Summary
---------------------------------------------------------------------------------
Part Resources:
DSPs: 90 (col length:60)
BRAMs: 100 (col length: RAMB18 60 RAMB36 30)
---------------------------------------------------------------------------------
Finished Part Resource Summary
---------------------------------------------------------------------------------
---------------------------------------------------------------------------------
Start Cross Boundary and Area Optimization
---------------------------------------------------------------------------------
---------------------------------------------------------------------------------
Finished Cross Boundary and Area Optimization : Time (s): cpu = 00:11:08 ; elapsed = 00:13:06 . Memory (MB): peak = 1145.895 ; gain = 119.230
---------------------------------------------------------------------------------
---------------------------------------------------------------------------------
Start Applying XDC Timing Constraints
---------------------------------------------------------------------------------
---------------------------------------------------------------------------------
Finished Applying XDC Timing Constraints : Time (s): cpu = 00:11:17 ; elapsed = 00:13:15 . Memory (MB): peak = 1145.895 ; gain = 119.230
---------------------------------------------------------------------------------
---------------------------------------------------------------------------------
Start Timing Optimization
---------------------------------------------------------------------------------
---------------------------------------------------------------------------------
Finished Timing Optimization : Time (s): cpu = 00:14:33 ; elapsed = 00:16:58 . Memory (MB): peak = 1145.895 ; gain = 119.230
---------------------------------------------------------------------------------
---------------------------------------------------------------------------------
Start Technology Mapping
---------------------------------------------------------------------------------
---------------------------------------------------------------------------------
Finished Technology Mapping : Time (s): cpu = 00:17:28 ; elapsed = 00:20:17 . Memory (MB): peak = 1228.414 ; gain = 201.750
---------------------------------------------------------------------------------
---------------------------------------------------------------------------------
Start IO Insertion
---------------------------------------------------------------------------------
---------------------------------------------------------------------------------
Start Flattening Before IO Insertion
---------------------------------------------------------------------------------
---------------------------------------------------------------------------------
Finished Flattening Before IO Insertion
---------------------------------------------------------------------------------
---------------------------------------------------------------------------------
Start Final Netlist Cleanup
---------------------------------------------------------------------------------
---------------------------------------------------------------------------------
Finished Final Netlist Cleanup
---------------------------------------------------------------------------------
---------------------------------------------------------------------------------
Finished IO Insertion : Time (s): cpu = 00:17:36 ; elapsed = 00:20:25 . Memory (MB): peak = 1230.492 ; gain = 203.828
---------------------------------------------------------------------------------
---------------------------------------------------------------------------------
Start Renaming Generated Instances
---------------------------------------------------------------------------------
---------------------------------------------------------------------------------
Finished Renaming Generated Instances : Time (s): cpu = 00:17:36 ; elapsed = 00:20:25 . Memory (MB): peak = 1230.492 ; gain = 203.828
---------------------------------------------------------------------------------
---------------------------------------------------------------------------------
Start Rebuilding User Hierarchy
---------------------------------------------------------------------------------
---------------------------------------------------------------------------------
Finished Rebuilding User Hierarchy : Time (s): cpu = 00:17:38 ; elapsed = 00:20:28 . Memory (MB): peak = 1230.492 ; gain = 203.828
---------------------------------------------------------------------------------
---------------------------------------------------------------------------------
Start Renaming Generated Ports
---------------------------------------------------------------------------------
---------------------------------------------------------------------------------
Finished Renaming Generated Ports : Time (s): cpu = 00:17:39 ; elapsed = 00:20:28 . Memory (MB): peak = 1230.492 ; gain = 203.828
---------------------------------------------------------------------------------
---------------------------------------------------------------------------------
Start Handling Custom Attributes
---------------------------------------------------------------------------------
---------------------------------------------------------------------------------
Finished Handling Custom Attributes : Time (s): cpu = 00:17:39 ; elapsed = 00:20:28 . Memory (MB): peak = 1230.492 ; gain = 203.828
---------------------------------------------------------------------------------
---------------------------------------------------------------------------------
Start Renaming Generated Nets
---------------------------------------------------------------------------------
---------------------------------------------------------------------------------
Finished Renaming Generated Nets : Time (s): cpu = 00:17:39 ; elapsed = 00:20:28 . Memory (MB): peak = 1230.492 ; gain = 203.828
---------------------------------------------------------------------------------
---------------------------------------------------------------------------------
Start Writing Synthesis Report
---------------------------------------------------------------------------------

Report BlackBoxes: 
+-+--------------+----------+
| |BlackBox name |Instances |
+-+--------------+----------+
+-+--------------+----------+

Report Cell Usage: 
+------+-------+------+
|      |Cell   |Count |
+------+-------+------+
|1     |BUFG   |     2|
|2     |CARRY4 |    28|
|3     |LUT1   |     2|
|4     |LUT2   |   171|
|5     |LUT3   |   440|
|6     |LUT4   |   263|
|7     |LUT5   |   174|
|8     |LUT6   |  5295|
|9     |MUXF7  |  2304|
|10    |MUXF8  |  1056|
|11    |FDCE   |   276|
|12    |FDRE   | 16443|
|13    |IBUF   |    18|
|14    |OBUF   |    27|
+------+-------+------+
---------------------------------------------------------------------------------
Finished Writing Synthesis Report : Time (s): cpu = 00:17:39 ; elapsed = 00:20:28 . Memory (MB): peak = 1230.492 ; gain = 203.828
---------------------------------------------------------------------------------
Synthesis finished with 0 errors, 0 critical warnings and 0 warnings.
Synthesis Optimization Runtime : Time (s): cpu = 00:17:24 ; elapsed = 00:20:23 . Memory (MB): peak = 1230.492 ; gain = 107.469
Synthesis Optimization Complete : Time (s): cpu = 00:17:39 ; elapsed = 00:20:29 . Memory (MB): peak = 1230.492 ; gain = 203.828
INFO: [Project 1-571] Translating synthesized netlist
Netlist sorting complete. Time (s): cpu = 00:00:00 ; elapsed = 00:00:00.352 . Memory (MB): peak = 1242.234 ; gain = 0.000
INFO: [Netlist 29-17] Analyzing 3388 Unisim elements for replacement
INFO: [Netlist 29-28] Unisim Transformation completed in 1 CPU seconds
WARNING: [Netlist 29-101] Netlist 'task_a_fpga_top' is not ideal for floorplanning, since the cellview 'DataMemory' contains a large number of primitives.  Please consider enabling hierarchy in synthesis if you want to do floorplanning.
INFO: [Project 1-570] Preparing netlist for logic optimization
INFO: [Opt 31-138] Pushed 0 inverter(s) to 0 load pin(s).
Netlist sorting complete. Time (s): cpu = 00:00:00 ; elapsed = 00:00:00.006 . Memory (MB): peak = 1242.234 ; gain = 0.000
INFO: [Project 1-111] Unisim Transformation Summary:
No Unisim elements were transformed.

INFO: [Common 17-83] Releasing license: Synthesis
73 Infos, 1 Warnings, 0 Critical Warnings and 0 Errors encountered.
synth_design completed successfully
synth_design: Time (s): cpu = 00:17:49 ; elapsed = 00:20:42 . Memory (MB): peak = 1242.234 ; gain = 215.570
INFO: [Common 17-1381] The checkpoint 'C:/Users/Student/Downloads/CA project/SingleCycleRiscV/Project_Submission/task_A/project_1/project_1.runs/synth_1/task_a_fpga_top.dcp' has been generated.
INFO: [runtcl-4] Executing : report_utilization -file task_a_fpga_top_utilization_synth.rpt -pb task_a_fpga_top_utilization_synth.pb
INFO: [Common 17-206] Exiting Vivado at Wed Apr 29 15:19:38 2026...
